<?xml version="1.0" encoding="UTF-8"?>
<testng-results ignored="0" total="2" passed="2" failed="0" skipped="0">
  <reporter-output>
  </reporter-output>
  <suite started-at="2023-03-21T16:33:01Z" name="Suite" finished-at="2023-03-21T16:33:01Z" duration-ms="42">
    <groups>
    </groups>
    <test started-at="2023-03-21T16:33:01Z" name="Test" finished-at="2023-03-21T16:33:01Z" duration-ms="42">
      <class name="testfeatures.TestLogin">
        <test-method signature="test1()[pri:0, instance:testfeatures.TestLogin@552cede7]" started-at="2023-03-21T16:33:01Z" name="test1" finished-at="2023-03-21T16:33:01Z" duration-ms="14" status="PASS">
          <reporter-output>
          </reporter-output>
        </test-method> <!-- test1 -->
        <test-method signature="test2()[pri:0, instance:testfeatures.TestLogin@552cede7]" started-at="2023-03-21T16:33:01Z" name="test2" finished-at="2023-03-21T16:33:01Z" duration-ms="0" status="PASS">
          <reporter-output>
          </reporter-output>
        </test-method> <!-- test2 -->
      </class> <!-- testfeatures.TestLogin -->
    </test> <!-- Test -->
  </suite> <!-- Suite -->
</testng-results>
