<?xml version="1.0" encoding="UTF-8"?>
<testng-results ignored="0" total="1" passed="1" failed="0" skipped="0">
  <reporter-output>
  </reporter-output>
  <suite started-at="2023-03-21T15:58:06Z" name="Suite" finished-at="2023-03-21T15:58:06Z" duration-ms="20">
    <groups>
    </groups>
    <test started-at="2023-03-21T15:58:06Z" name="Test" finished-at="2023-03-21T15:58:06Z" duration-ms="20">
      <class name="testfeatures.TestLogin">
        <test-method signature="test1()[pri:0, instance:testfeatures.TestLogin@4bf48f6]" started-at="2023-03-21T15:58:06Z" name="test1" finished-at="2023-03-21T15:58:06Z" duration-ms="6" status="PASS">
          <reporter-output>
          </reporter-output>
        </test-method> <!-- test1 -->
      </class> <!-- testfeatures.TestLogin -->
    </test> <!-- Test -->
  </suite> <!-- Suite -->
</testng-results>
